{
  "stats": {
    "suites": 2,
    "tests": 3,
    "passes": 2,
    "pending": 0,
    "failures": 1,
    "start": "2025-08-09T12:51:44.053Z",
    "end": "2025-08-09T12:51:50.857Z",
    "duration": 6804,
    "testsRegistered": 3,
    "passPercent": 66.66666666666666,
    "pendingPercent": 0,
    "other": 0,
    "hasOther": false,
    "skipped": 0,
    "hasSkipped": false
  },
  "results": [
    {
      "uuid": "4684f7a2-0aa8-4ba9-acc6-ee2b9192fe56",
      "title": "",
      "fullFile": "",
      "file": "",
      "beforeHooks": [],
      "afterHooks": [],
      "tests": [],
      "suites": [
        {
          "uuid": "9e1d813e-dfb3-4877-8770-0488e98e69a4",
          "title": "Automation test sort produk A-Z setelah login saucedemo menggunakan chrome",
          "fullFile": "/Users/pardede/Downloads/Mini Bootcamp QA/Materi 10 - Web UI Automation Advance - Part 1/sesi10_Web-UI-Automation-Using-Hook_Yoel/saucedemo-test/sort_test-hook.js",
          "file": "/saucedemo-test/sort_test-hook.js",
          "beforeHooks": [],
          "afterHooks": [],
          "tests": [
            {
              "title": "Sort produk A-Z setelah login saucedemo",
              "fullTitle": "Automation test sort produk A-Z setelah login saucedemo menggunakan chrome Sort produk A-Z setelah login saucedemo",
              "timedOut": false,
              "duration": 0,
              "state": "failed",
              "speed": null,
              "pass": false,
              "fail": true,
              "pending": false,
              "context": null,
              "code": "Options = new chrome.Options();\nOptions.addArguments('--incognito'); //option ke chrome supaya gak ada popup passwordnya\nOptions.addArguments('--headless');  // headless\n\n// headless\ndriver = await new Builder().forBrowser('chrome').setChromeOptions(options).build(); \n//headed\n       // driver = await new Builder().forBrowser('chrome').build(); \nawait driver.get('https://www.saucedemo.com');\n//isi kredential login\nlet inputUsername = await driver.findElement(By.xpath('//*[@data-test=\"username\"]'));\nlet inputPassword = await driver.findElement(By.xpath('//*[@data-test=\"password\"]'));\nlet buttonLogin = await driver.findElement(By.xpath('//*[@data-test=\"login-button\"]'));\nawait inputUsername.sendKeys('standard_user');\nawait inputPassword.sendKeys('secret_sauce');\nawait buttonLogin.click();\n// assert: text dalam element benar\nlet textAppLogo = await driver.findElement(By.className('app_logo'))\nlet logotext = await textAppLogo.getText()\nassert.strictEqual(logotext, 'Swag Labs')\n\n//assert untuk cek apakah sudah berhasil login menggunakan url\nlet currentUrl = await driver.getCurrentUrl();\nassert.strictEqual(currentUrl, 'https://www.saucedemo.com/inventory.html');\n\n// //assert dropdown sort A-Z\nlet sortDropdown = await driver.findElement(By.className('product_sort_container'));\nawait sortDropdown.click();\n       await driver.sleep(1700);\n\n//cek apakah sudah sort A-Z\nlet option = await driver.findElement(By.xpath('//option[text()=\"Name (A to Z)\"]'));\nawait option.click();\n\n       // await driver.sleep(1700);\nawait driver.quit();",
              "err": {
                "message": "ReferenceError: options is not defined",
                "estack": "ReferenceError: options is not defined\n    at Context.<anonymous> (saucedemo-test/sort_test-hook.js:15:76)\n    at process.processImmediate (node:internal/timers:485:21)",
                "diff": null
              },
              "uuid": "47b9d438-2eb0-40b9-a4bf-a2fc825f812d",
              "parentUUID": "9e1d813e-dfb3-4877-8770-0488e98e69a4",
              "isHook": false,
              "skipped": false
            }
          ],
          "suites": [],
          "passes": [],
          "failures": [
            "47b9d438-2eb0-40b9-a4bf-a2fc825f812d"
          ],
          "pending": [],
          "skipped": [],
          "duration": 0,
          "root": false,
          "rootEmpty": false,
          "_timeout": 30000
        },
        {
          "uuid": "a654868c-e8b5-4313-90ba-5e585ed70fda",
          "title": "Automation test login saucedemo menggunakan chrome",
          "fullFile": "/Users/pardede/Downloads/Mini Bootcamp QA/Materi 10 - Web UI Automation Advance - Part 1/sesi10_Web-UI-Automation-Using-Hook_Yoel/saucedemo-test/test_case_hook.js",
          "file": "/saucedemo-test/test_case_hook.js",
          "beforeHooks": [
            {
              "title": "\"before all\" hook in \"Automation test login saucedemo menggunakan chrome\"",
              "fullTitle": "Automation test login saucedemo menggunakan chrome \"before all\" hook in \"Automation test login saucedemo menggunakan chrome\"",
              "timedOut": false,
              "duration": 1500,
              "state": null,
              "speed": null,
              "pass": false,
              "fail": false,
              "pending": false,
              "context": null,
              "code": "options = new chrome.Options();\noptions.addArguments('--incognito'); //option ke chrome supaya gak ada popup passwordnya\noptions.addArguments('--headless');  // headless\n// headless\n//driver = await new Builder().forBrowser('chrome').setChromeOptions(options).build(); \n//headed\ndriver = await new Builder().forBrowser('chrome').build();",
              "err": {},
              "uuid": "b2cbabe3-be2d-4cb5-bb01-4c940b909dec",
              "parentUUID": "a654868c-e8b5-4313-90ba-5e585ed70fda",
              "isHook": true,
              "skipped": false
            },
            {
              "title": "\"before each\" hook in \"Automation test login saucedemo menggunakan chrome\"",
              "fullTitle": "Automation test login saucedemo menggunakan chrome \"before each\" hook in \"Automation test login saucedemo menggunakan chrome\"",
              "timedOut": false,
              "duration": 455,
              "state": null,
              "speed": null,
              "pass": false,
              "fail": false,
              "pending": false,
              "context": null,
              "code": "// Berhasil login dengan kredensial yang valid\nawait driver.get('https://www.saucedemo.com');\n//isi kredential login\nlet inputUsername = await driver.findElement(By.xpath('//*[@data-test=\"username\"]'))\nlet inputPassword = await driver.findElement(By.xpath('//*[@data-test=\"password\"]'))\nlet buttonLogin = await driver.findElement(By.xpath('//*[@data-test=\"login-button\"]'))\nawait inputUsername.sendKeys('standard_user')\nawait inputPassword.sendKeys('secret_sauce')\nawait buttonLogin.click()\n// // assert: text dalam element benar\nlet textAppLogo = await driver.findElement(By.className('app_logo', 5000))\nlet logotext = await textAppLogo.getText()\nassert.strictEqual(logotext, 'Swag Labs')\n//assert untuk cek apakah sudah berhasil login menggunakan url\nlet currentUrl = await driver.getCurrentUrl();\nassert.strictEqual(currentUrl, 'https://www.saucedemo.com/inventory.html');",
              "err": {},
              "uuid": "5c970d3d-4d8d-4eb6-bd14-0be1fad12c40",
              "parentUUID": "a654868c-e8b5-4313-90ba-5e585ed70fda",
              "isHook": true,
              "skipped": false
            }
          ],
          "afterHooks": [
            {
              "title": "\"after all\" hook in \"Automation test login saucedemo menggunakan chrome\"",
              "fullTitle": "Automation test login saucedemo menggunakan chrome \"after all\" hook in \"Automation test login saucedemo menggunakan chrome\"",
              "timedOut": false,
              "duration": 127,
              "state": null,
              "speed": null,
              "pass": false,
              "fail": false,
              "pending": false,
              "context": null,
              "code": "await driver.quit();",
              "err": {},
              "uuid": "cb5aa117-77ae-4abc-9510-aeda812df3af",
              "parentUUID": "a654868c-e8b5-4313-90ba-5e585ed70fda",
              "isHook": true,
              "skipped": false
            }
          ],
          "tests": [
            {
              "title": "Sorting product name A - Z ",
              "fullTitle": "Automation test login saucedemo menggunakan chrome Sorting product name A - Z ",
              "timedOut": false,
              "duration": 1815,
              "state": "passed",
              "speed": "slow",
              "pass": true,
              "fail": false,
              "pending": false,
              "context": null,
              "code": "// //assert dropdown sort A-Z\nlet sortDropdown = await driver.findElement(By.className('product_sort_container'));\nawait sortDropdown.click();\nawait driver.sleep(1700);\n\n//cek apakah sudah sort A-Z\nlet option = await driver.findElement(By.xpath('//option[text()=\"Name (A to Z)\"]'));\nawait option.click();",
              "err": {},
              "uuid": "87ff90ef-f186-4718-8c67-adde1746da13",
              "parentUUID": "a654868c-e8b5-4313-90ba-5e585ed70fda",
              "isHook": false,
              "skipped": false
            },
            {
              "title": "Sorting price (low to high) ",
              "fullTitle": "Automation test login saucedemo menggunakan chrome Sorting price (low to high) ",
              "timedOut": false,
              "duration": 1823,
              "state": "passed",
              "speed": "slow",
              "pass": true,
              "fail": false,
              "pending": false,
              "context": null,
              "code": "// //assert dropdown sort price (low to high)\nlet sortDropdown = await driver.findElement(By.className('product_sort_container'));\nawait sortDropdown.click();\nawait driver.sleep(1700);\n\n//cek apakah harga sudah low to high\nlet option = await driver.findElement(By.xpath('//option[text()=\"Price (low to high)\"]'));\nawait option.click();",
              "err": {},
              "uuid": "79ff764c-1401-4b98-9382-edce05e1d2e0",
              "parentUUID": "a654868c-e8b5-4313-90ba-5e585ed70fda",
              "isHook": false,
              "skipped": false
            }
          ],
          "suites": [],
          "passes": [
            "87ff90ef-f186-4718-8c67-adde1746da13",
            "79ff764c-1401-4b98-9382-edce05e1d2e0"
          ],
          "failures": [],
          "pending": [],
          "skipped": [],
          "duration": 3638,
          "root": false,
          "rootEmpty": false,
          "_timeout": 30000
        }
      ],
      "passes": [],
      "failures": [],
      "pending": [],
      "skipped": [],
      "duration": 0,
      "root": true,
      "rootEmpty": true,
      "_timeout": 60000
    }
  ],
  "meta": {
    "mocha": {
      "version": "11.7.1"
    },
    "mochawesome": {
      "options": {
        "quiet": false,
        "reportFilename": "mochawesome",
        "saveHtml": true,
        "saveJson": true,
        "consoleReporter": "spec",
        "useInlineDiffs": false,
        "code": true
      },
      "version": "7.1.3"
    },
    "marge": {
      "options": null,
      "version": "6.2.0"
    }
  }
}