{
  "stats": {
    "suites": 1,
    "tests": 1,
    "passes": 1,
    "pending": 0,
    "failures": 0,
    "start": "2025-08-08T08:44:01.775Z",
    "end": "2025-08-08T08:44:18.163Z",
    "duration": 16388,
    "testsRegistered": 1,
    "passPercent": 100,
    "pendingPercent": 0,
    "other": 0,
    "hasOther": false,
    "skipped": 0,
    "hasSkipped": false
  },
  "results": [
    {
      "uuid": "0a46bad0-aa8f-4207-b0fe-beb2abb8778a",
      "title": "",
      "fullFile": "/Users/pardede/Downloads/Mini Bootcamp QA/Materi 10 - Web UI Automation Advance - Part 1/sesi10_Web-UI-Automation-Using-Hook_Yoel/saucedemo-test/login_test-hook.js",
      "file": "/saucedemo-test/login_test-hook.js",
      "beforeHooks": [],
      "afterHooks": [],
      "tests": [],
      "suites": [
        {
          "uuid": "42722454-6dc9-40ba-b22d-ad0c6829d569",
          "title": "Automation test login saucedemo menggunakan chrome",
          "fullFile": "/Users/pardede/Downloads/Mini Bootcamp QA/Materi 10 - Web UI Automation Advance - Part 1/sesi10_Web-UI-Automation-Using-Hook_Yoel/saucedemo-test/login_test-hook.js",
          "file": "/saucedemo-test/login_test-hook.js",
          "beforeHooks": [],
          "afterHooks": [],
          "tests": [
            {
              "title": "Berhasil login dengan kredensial yang valid",
              "fullTitle": "Automation test login saucedemo menggunakan chrome Berhasil login dengan kredensial yang valid",
              "timedOut": false,
              "duration": 16383,
              "state": "passed",
              "speed": "slow",
              "pass": true,
              "fail": false,
              "pending": false,
              "context": null,
              "code": "Options = new firefox.Options();\nOptions.addArguments('--incognito'); //option ke chrome supaya gak ada popup passwordnya\nOptions.addArguments('--headless');  // headless\n// headless\n//driver = await new Builder().forBrowser('firefox').setFirefoxOptions(Options).build(); \n//headed\n       driver = await new Builder().forBrowser('firefox').build(); \nawait driver.get('https://www.saucedemo.com');\n//isi kredential login\nlet inputUsername = await driver.findElement(By.xpath('//*[@data-test=\"username\"]'))\nlet inputPassword = await driver.findElement(By.xpath('//*[@data-test=\"password\"]'))\nlet buttonLogin = await driver.findElement(By.xpath('//*[@data-test=\"login-button\"]'))\nawait inputUsername.sendKeys('standard_user')\nawait inputPassword.sendKeys('secret_sauce')\nawait buttonLogin.click()\n// assert: text dalam element benar\nlet textAppLogo = await driver.findElement(By.className('app_logo'))\nlet logotext = await textAppLogo.getText()\nassert.strictEqual(logotext, 'Swag Labs')\n\n//assert untuk cek apakah sudah berhasil login menggunakan url\nlet currentUrl = await driver.getCurrentUrl();\nassert.strictEqual(currentUrl, 'https://www.saucedemo.com/inventory.html');\n\n       // await driver.sleep(1700);\nawait driver.quit();",
              "err": {},
              "uuid": "e04868ea-72d7-476a-9e4e-0d3a67664022",
              "parentUUID": "42722454-6dc9-40ba-b22d-ad0c6829d569",
              "isHook": false,
              "skipped": false
            }
          ],
          "suites": [],
          "passes": [
            "e04868ea-72d7-476a-9e4e-0d3a67664022"
          ],
          "failures": [],
          "pending": [],
          "skipped": [],
          "duration": 16383,
          "root": false,
          "rootEmpty": false,
          "_timeout": 30000
        }
      ],
      "passes": [],
      "failures": [],
      "pending": [],
      "skipped": [],
      "duration": 0,
      "root": true,
      "rootEmpty": true,
      "_timeout": 60000
    }
  ],
  "meta": {
    "mocha": {
      "version": "11.7.1"
    },
    "mochawesome": {
      "options": {
        "quiet": false,
        "reportFilename": "mochawesome",
        "saveHtml": true,
        "saveJson": true,
        "consoleReporter": "spec",
        "useInlineDiffs": false,
        "code": true
      },
      "version": "7.1.3"
    },
    "marge": {
      "options": null,
      "version": "6.2.0"
    }
  }
}